<?xml version="1.0" encoding="UTF-8"?>
<testsuite name="au.edu.sydney.brawndo.erp.spfea.AllowedScopeTest" tests="19" skipped="0" failures="0" errors="0" timestamp="2023-06-02T12:42:39" hostname="GAMERGIRLXD" time="1.762">
  <properties/>
  <testcase name="testOrderPersonalBulkSub()" classname="au.edu.sydney.brawndo.erp.spfea.AllowedScopeTest" time="0.705"/>
  <testcase name="getOrderShortDesc()" classname="au.edu.sydney.brawndo.erp.spfea.AllowedScopeTest" time="0.031"/>
  <testcase name="getAllProducts()" classname="au.edu.sydney.brawndo.erp.spfea.AllowedScopeTest" time="0.938"/>
  <testcase name="getOrderLongDesc()" classname="au.edu.sydney.brawndo.erp.spfea.AllowedScopeTest" time="0.004"/>
  <testcase name="getAllOrders()" classname="au.edu.sydney.brawndo.erp.spfea.AllowedScopeTest" time="0.003"/>
  <testcase name="createOrder()" classname="au.edu.sydney.brawndo.erp.spfea.AllowedScopeTest" time="0.005"/>
  <testcase name="removeOrder()" classname="au.edu.sydney.brawndo.erp.spfea.AllowedScopeTest" time="0.005"/>
  <testcase name="getOrderTotalCost()" classname="au.edu.sydney.brawndo.erp.spfea.AllowedScopeTest" time="0.004"/>
  <testcase name="login()" classname="au.edu.sydney.brawndo.erp.spfea.AllowedScopeTest" time="0.003"/>
  <testcase name="getKnownContactMethods()" classname="au.edu.sydney.brawndo.erp.spfea.AllowedScopeTest" time="0.002"/>
  <testcase name="testOrderBusinessBulk()" classname="au.edu.sydney.brawndo.erp.spfea.AllowedScopeTest" time="0.005"/>
  <testcase name="testOrderBusinessFlat()" classname="au.edu.sydney.brawndo.erp.spfea.AllowedScopeTest" time="0.005"/>
  <testcase name="orderLineSet()" classname="au.edu.sydney.brawndo.erp.spfea.AllowedScopeTest" time="0.003"/>
  <testcase name="testOrderBusinessFlatSub()" classname="au.edu.sydney.brawndo.erp.spfea.AllowedScopeTest" time="0.008"/>
  <testcase name="testOrderPersonalBulk()" classname="au.edu.sydney.brawndo.erp.spfea.AllowedScopeTest" time="0.006"/>
  <testcase name="testOrderPersonalFlat()" classname="au.edu.sydney.brawndo.erp.spfea.AllowedScopeTest" time="0.008"/>
  <testcase name="testOrderPersonalFlatSub()" classname="au.edu.sydney.brawndo.erp.spfea.AllowedScopeTest" time="0.009"/>
  <testcase name="getAllCustomerIDs()" classname="au.edu.sydney.brawndo.erp.spfea.AllowedScopeTest" time="0.003"/>
  <testcase name="testOrderBusinessBulkSub()" classname="au.edu.sydney.brawndo.erp.spfea.AllowedScopeTest" time="0.006"/>
  <system-out><![CDATA[]]></system-out>
  <system-err><![CDATA[]]></system-err>
</testsuite>
